<?xml version="1.0" encoding="UTF-8"?>
<testsuite xmlns:xsi="http://www.w3.org/2001/XMLSchema-instance" xsi:noNamespaceSchemaLocation="https://maven.apache.org/surefire/maven-surefire-plugin/xsd/surefire-test-report.xsd" name="com.zby.SpringbootDemoQuickstartApplicationTests" time="2.995" tests="1" errors="0" skipped="0" failures="0">
  <properties>
    <property name="sun.desktop" value="windows"/>
    <property name="awt.toolkit" value="sun.awt.windows.WToolkit"/>
    <property name="jdk.extensions.version" value="8.0.442.0"/>
    <property name="file.encoding.pkg" value="sun.io"/>
    <property name="java.specification.version" value="1.8"/>
    <property name="sun.jnu.encoding" value="GB18030"/>
    <property name="java.class.path" value="E:\学习资料\code\springboot-demo-quickstart\target\test-classes;E:\学习资料\code\springboot-demo-quickstart\target\classes;E:\Java\mvn_repo\org\springframework\boot\spring-boot-starter-web\2.5.0\spring-boot-starter-web-2.5.0.jar;E:\Java\mvn_repo\org\springframework\boot\spring-boot-starter\2.5.0\spring-boot-starter-2.5.0.jar;E:\Java\mvn_repo\org\springframework\boot\spring-boot\2.5.0\spring-boot-2.5.0.jar;E:\Java\mvn_repo\org\springframework\boot\spring-boot-autoconfigure\2.5.0\spring-boot-autoconfigure-2.5.0.jar;E:\Java\mvn_repo\org\springframework\boot\spring-boot-starter-logging\2.5.0\spring-boot-starter-logging-2.5.0.jar;E:\Java\mvn_repo\ch\qos\logback\logback-classic\1.2.3\logback-classic-1.2.3.jar;E:\Java\mvn_repo\ch\qos\logback\logback-core\1.2.3\logback-core-1.2.3.jar;E:\Java\mvn_repo\org\apache\logging\log4j\log4j-to-slf4j\2.14.1\log4j-to-slf4j-2.14.1.jar;E:\Java\mvn_repo\org\apache\logging\log4j\log4j-api\2.14.1\log4j-api-2.14.1.jar;E:\Java\mvn_repo\org\slf4j\jul-to-slf4j\1.7.30\jul-to-slf4j-1.7.30.jar;E:\Java\mvn_repo\jakarta\annotation\jakarta.annotation-api\1.3.5\jakarta.annotation-api-1.3.5.jar;E:\Java\mvn_repo\org\yaml\snakeyaml\1.28\snakeyaml-1.28.jar;E:\Java\mvn_repo\org\springframework\boot\spring-boot-starter-json\2.5.0\spring-boot-starter-json-2.5.0.jar;E:\Java\mvn_repo\com\fasterxml\jackson\core\jackson-databind\2.12.3\jackson-databind-2.12.3.jar;E:\Java\mvn_repo\com\fasterxml\jackson\core\jackson-annotations\2.12.3\jackson-annotations-2.12.3.jar;E:\Java\mvn_repo\com\fasterxml\jackson\core\jackson-core\2.12.3\jackson-core-2.12.3.jar;E:\Java\mvn_repo\com\fasterxml\jackson\datatype\jackson-datatype-jdk8\2.12.3\jackson-datatype-jdk8-2.12.3.jar;E:\Java\mvn_repo\com\fasterxml\jackson\datatype\jackson-datatype-jsr310\2.12.3\jackson-datatype-jsr310-2.12.3.jar;E:\Java\mvn_repo\com\fasterxml\jackson\module\jackson-module-parameter-names\2.12.3\jackson-module-parameter-names-2.12.3.jar;E:\Java\mvn_repo\org\springframework\boot\spring-boot-starter-tomcat\2.5.0\spring-boot-starter-tomcat-2.5.0.jar;E:\Java\mvn_repo\org\apache\tomcat\embed\tomcat-embed-core\9.0.46\tomcat-embed-core-9.0.46.jar;E:\Java\mvn_repo\org\apache\tomcat\embed\tomcat-embed-el\9.0.46\tomcat-embed-el-9.0.46.jar;E:\Java\mvn_repo\org\apache\tomcat\embed\tomcat-embed-websocket\9.0.46\tomcat-embed-websocket-9.0.46.jar;E:\Java\mvn_repo\org\springframework\spring-web\5.3.7\spring-web-5.3.7.jar;E:\Java\mvn_repo\org\springframework\spring-beans\5.3.7\spring-beans-5.3.7.jar;E:\Java\mvn_repo\org\springframework\spring-webmvc\5.3.7\spring-webmvc-5.3.7.jar;E:\Java\mvn_repo\org\springframework\spring-aop\5.3.7\spring-aop-5.3.7.jar;E:\Java\mvn_repo\org\springframework\spring-context\5.3.7\spring-context-5.3.7.jar;E:\Java\mvn_repo\org\springframework\spring-expression\5.3.7\spring-expression-5.3.7.jar;E:\Java\mvn_repo\org\springframework\boot\spring-boot-starter-test\2.5.0\spring-boot-starter-test-2.5.0.jar;E:\Java\mvn_repo\org\springframework\boot\spring-boot-test\2.5.0\spring-boot-test-2.5.0.jar;E:\Java\mvn_repo\org\springframework\boot\spring-boot-test-autoconfigure\2.5.0\spring-boot-test-autoconfigure-2.5.0.jar;E:\Java\mvn_repo\com\jayway\jsonpath\json-path\2.5.0\json-path-2.5.0.jar;E:\Java\mvn_repo\net\minidev\json-smart\2.4.7\json-smart-2.4.7.jar;E:\Java\mvn_repo\net\minidev\accessors-smart\2.4.7\accessors-smart-2.4.7.jar;E:\Java\mvn_repo\org\ow2\asm\asm\9.1\asm-9.1.jar;E:\Java\mvn_repo\org\slf4j\slf4j-api\1.7.30\slf4j-api-1.7.30.jar;E:\Java\mvn_repo\jakarta\xml\bind\jakarta.xml.bind-api\2.3.3\jakarta.xml.bind-api-2.3.3.jar;E:\Java\mvn_repo\jakarta\activation\jakarta.activation-api\1.2.2\jakarta.activation-api-1.2.2.jar;E:\Java\mvn_repo\org\assertj\assertj-core\3.19.0\assertj-core-3.19.0.jar;E:\Java\mvn_repo\org\hamcrest\hamcrest\2.2\hamcrest-2.2.jar;E:\Java\mvn_repo\org\junit\jupiter\junit-jupiter\5.7.2\junit-jupiter-5.7.2.jar;E:\Java\mvn_repo\org\junit\jupiter\junit-jupiter-api\5.7.2\junit-jupiter-api-5.7.2.jar;E:\Java\mvn_repo\org\apiguardian\apiguardian-api\1.1.0\apiguardian-api-1.1.0.jar;E:\Java\mvn_repo\org\opentest4j\opentest4j\1.2.0\opentest4j-1.2.0.jar;E:\Java\mvn_repo\org\junit\platform\junit-platform-commons\1.7.2\junit-platform-commons-1.7.2.jar;E:\Java\mvn_repo\org\junit\jupiter\junit-jupiter-params\5.7.2\junit-jupiter-params-5.7.2.jar;E:\Java\mvn_repo\org\junit\jupiter\junit-jupiter-engine\5.7.2\junit-jupiter-engine-5.7.2.jar;E:\Java\mvn_repo\org\junit\platform\junit-platform-engine\1.7.2\junit-platform-engine-1.7.2.jar;E:\Java\mvn_repo\org\mockito\mockito-core\3.9.0\mockito-core-3.9.0.jar;E:\Java\mvn_repo\net\bytebuddy\byte-buddy\1.10.22\byte-buddy-1.10.22.jar;E:\Java\mvn_repo\net\bytebuddy\byte-buddy-agent\1.10.22\byte-buddy-agent-1.10.22.jar;E:\Java\mvn_repo\org\objenesis\objenesis\3.2\objenesis-3.2.jar;E:\Java\mvn_repo\org\mockito\mockito-junit-jupiter\3.9.0\mockito-junit-jupiter-3.9.0.jar;E:\Java\mvn_repo\org\skyscreamer\jsonassert\1.5.0\jsonassert-1.5.0.jar;E:\Java\mvn_repo\com\vaadin\external\google\android-json\0.0.20131108.vaadin1\android-json-0.0.20131108.vaadin1.jar;E:\Java\mvn_repo\org\springframework\spring-core\5.3.7\spring-core-5.3.7.jar;E:\Java\mvn_repo\org\springframework\spring-jcl\5.3.7\spring-jcl-5.3.7.jar;E:\Java\mvn_repo\org\springframework\spring-test\5.3.7\spring-test-5.3.7.jar;E:\Java\mvn_repo\org\xmlunit\xmlunit-core\2.8.2\xmlunit-core-2.8.2.jar;"/>
    <property name="com.ibm.zero.version" value="2"/>
    <property name="java.vm.vendor" value="Eclipse OpenJ9"/>
    <property name="sun.arch.data.model" value="64"/>
    <property name="com.ibm.vm.bitmode" value="64"/>
    <property name="user.variant" value=""/>
    <property name="com.ibm.oti.vm.library.version" value="29"/>
    <property name="java.vendor.url" value="https://www.ibm.com/semeru-runtimes"/>
    <property name="user.timezone" value="Asia/Shanghai"/>
    <property name="os.name" value="Windows 10"/>
    <property name="java.vm.specification.version" value="1.8"/>
    <property name="sun.java.launcher" value="SUN_STANDARD"/>
    <property name="user.country" value="CN"/>
    <property name="sun.boot.library.path" value="C:\Software\Tool\jdk1.8\jre\bin\default;C:\Software\Tool\jdk1.8\jre\bin"/>
    <property name="sun.java.command" value="C:\Users\14026\AppData\Local\Temp\surefire8794566077785016224\surefirebooter7040900185942010389.jar C:\Users\14026\AppData\Local\Temp\surefire8794566077785016224 2025-04-10T18-31-32_679-jvmRun1 surefire6556152000294089692tmp surefire_06315743322943671533tmp"/>
    <property name="jdk.debug" value="release"/>
    <property name="surefire.test.class.path" value="E:\学习资料\code\springboot-demo-quickstart\target\test-classes;E:\学习资料\code\springboot-demo-quickstart\target\classes;E:\Java\mvn_repo\org\springframework\boot\spring-boot-starter-web\2.5.0\spring-boot-starter-web-2.5.0.jar;E:\Java\mvn_repo\org\springframework\boot\spring-boot-starter\2.5.0\spring-boot-starter-2.5.0.jar;E:\Java\mvn_repo\org\springframework\boot\spring-boot\2.5.0\spring-boot-2.5.0.jar;E:\Java\mvn_repo\org\springframework\boot\spring-boot-autoconfigure\2.5.0\spring-boot-autoconfigure-2.5.0.jar;E:\Java\mvn_repo\org\springframework\boot\spring-boot-starter-logging\2.5.0\spring-boot-starter-logging-2.5.0.jar;E:\Java\mvn_repo\ch\qos\logback\logback-classic\1.2.3\logback-classic-1.2.3.jar;E:\Java\mvn_repo\ch\qos\logback\logback-core\1.2.3\logback-core-1.2.3.jar;E:\Java\mvn_repo\org\apache\logging\log4j\log4j-to-slf4j\2.14.1\log4j-to-slf4j-2.14.1.jar;E:\Java\mvn_repo\org\apache\logging\log4j\log4j-api\2.14.1\log4j-api-2.14.1.jar;E:\Java\mvn_repo\org\slf4j\jul-to-slf4j\1.7.30\jul-to-slf4j-1.7.30.jar;E:\Java\mvn_repo\jakarta\annotation\jakarta.annotation-api\1.3.5\jakarta.annotation-api-1.3.5.jar;E:\Java\mvn_repo\org\yaml\snakeyaml\1.28\snakeyaml-1.28.jar;E:\Java\mvn_repo\org\springframework\boot\spring-boot-starter-json\2.5.0\spring-boot-starter-json-2.5.0.jar;E:\Java\mvn_repo\com\fasterxml\jackson\core\jackson-databind\2.12.3\jackson-databind-2.12.3.jar;E:\Java\mvn_repo\com\fasterxml\jackson\core\jackson-annotations\2.12.3\jackson-annotations-2.12.3.jar;E:\Java\mvn_repo\com\fasterxml\jackson\core\jackson-core\2.12.3\jackson-core-2.12.3.jar;E:\Java\mvn_repo\com\fasterxml\jackson\datatype\jackson-datatype-jdk8\2.12.3\jackson-datatype-jdk8-2.12.3.jar;E:\Java\mvn_repo\com\fasterxml\jackson\datatype\jackson-datatype-jsr310\2.12.3\jackson-datatype-jsr310-2.12.3.jar;E:\Java\mvn_repo\com\fasterxml\jackson\module\jackson-module-parameter-names\2.12.3\jackson-module-parameter-names-2.12.3.jar;E:\Java\mvn_repo\org\springframework\boot\spring-boot-starter-tomcat\2.5.0\spring-boot-starter-tomcat-2.5.0.jar;E:\Java\mvn_repo\org\apache\tomcat\embed\tomcat-embed-core\9.0.46\tomcat-embed-core-9.0.46.jar;E:\Java\mvn_repo\org\apache\tomcat\embed\tomcat-embed-el\9.0.46\tomcat-embed-el-9.0.46.jar;E:\Java\mvn_repo\org\apache\tomcat\embed\tomcat-embed-websocket\9.0.46\tomcat-embed-websocket-9.0.46.jar;E:\Java\mvn_repo\org\springframework\spring-web\5.3.7\spring-web-5.3.7.jar;E:\Java\mvn_repo\org\springframework\spring-beans\5.3.7\spring-beans-5.3.7.jar;E:\Java\mvn_repo\org\springframework\spring-webmvc\5.3.7\spring-webmvc-5.3.7.jar;E:\Java\mvn_repo\org\springframework\spring-aop\5.3.7\spring-aop-5.3.7.jar;E:\Java\mvn_repo\org\springframework\spring-context\5.3.7\spring-context-5.3.7.jar;E:\Java\mvn_repo\org\springframework\spring-expression\5.3.7\spring-expression-5.3.7.jar;E:\Java\mvn_repo\org\springframework\boot\spring-boot-starter-test\2.5.0\spring-boot-starter-test-2.5.0.jar;E:\Java\mvn_repo\org\springframework\boot\spring-boot-test\2.5.0\spring-boot-test-2.5.0.jar;E:\Java\mvn_repo\org\springframework\boot\spring-boot-test-autoconfigure\2.5.0\spring-boot-test-autoconfigure-2.5.0.jar;E:\Java\mvn_repo\com\jayway\jsonpath\json-path\2.5.0\json-path-2.5.0.jar;E:\Java\mvn_repo\net\minidev\json-smart\2.4.7\json-smart-2.4.7.jar;E:\Java\mvn_repo\net\minidev\accessors-smart\2.4.7\accessors-smart-2.4.7.jar;E:\Java\mvn_repo\org\ow2\asm\asm\9.1\asm-9.1.jar;E:\Java\mvn_repo\org\slf4j\slf4j-api\1.7.30\slf4j-api-1.7.30.jar;E:\Java\mvn_repo\jakarta\xml\bind\jakarta.xml.bind-api\2.3.3\jakarta.xml.bind-api-2.3.3.jar;E:\Java\mvn_repo\jakarta\activation\jakarta.activation-api\1.2.2\jakarta.activation-api-1.2.2.jar;E:\Java\mvn_repo\org\assertj\assertj-core\3.19.0\assertj-core-3.19.0.jar;E:\Java\mvn_repo\org\hamcrest\hamcrest\2.2\hamcrest-2.2.jar;E:\Java\mvn_repo\org\junit\jupiter\junit-jupiter\5.7.2\junit-jupiter-5.7.2.jar;E:\Java\mvn_repo\org\junit\jupiter\junit-jupiter-api\5.7.2\junit-jupiter-api-5.7.2.jar;E:\Java\mvn_repo\org\apiguardian\apiguardian-api\1.1.0\apiguardian-api-1.1.0.jar;E:\Java\mvn_repo\org\opentest4j\opentest4j\1.2.0\opentest4j-1.2.0.jar;E:\Java\mvn_repo\org\junit\platform\junit-platform-commons\1.7.2\junit-platform-commons-1.7.2.jar;E:\Java\mvn_repo\org\junit\jupiter\junit-jupiter-params\5.7.2\junit-jupiter-params-5.7.2.jar;E:\Java\mvn_repo\org\junit\jupiter\junit-jupiter-engine\5.7.2\junit-jupiter-engine-5.7.2.jar;E:\Java\mvn_repo\org\junit\platform\junit-platform-engine\1.7.2\junit-platform-engine-1.7.2.jar;E:\Java\mvn_repo\org\mockito\mockito-core\3.9.0\mockito-core-3.9.0.jar;E:\Java\mvn_repo\net\bytebuddy\byte-buddy\1.10.22\byte-buddy-1.10.22.jar;E:\Java\mvn_repo\net\bytebuddy\byte-buddy-agent\1.10.22\byte-buddy-agent-1.10.22.jar;E:\Java\mvn_repo\org\objenesis\objenesis\3.2\objenesis-3.2.jar;E:\Java\mvn_repo\org\mockito\mockito-junit-jupiter\3.9.0\mockito-junit-jupiter-3.9.0.jar;E:\Java\mvn_repo\org\skyscreamer\jsonassert\1.5.0\jsonassert-1.5.0.jar;E:\Java\mvn_repo\com\vaadin\external\google\android-json\0.0.20131108.vaadin1\android-json-0.0.20131108.vaadin1.jar;E:\Java\mvn_repo\org\springframework\spring-core\5.3.7\spring-core-5.3.7.jar;E:\Java\mvn_repo\org\springframework\spring-jcl\5.3.7\spring-jcl-5.3.7.jar;E:\Java\mvn_repo\org\springframework\spring-test\5.3.7\spring-test-5.3.7.jar;E:\Java\mvn_repo\org\xmlunit\xmlunit-core\2.8.2\xmlunit-core-2.8.2.jar;"/>
    <property name="sun.cpu.endian" value="little"/>
    <property name="user.home" value="C:\Users\14026"/>
    <property name="user.language" value="zh"/>
    <property name="java.specification.vendor" value="Oracle Corporation"/>
    <property name="java.home" value="C:\Software\Tool\jdk1.8\jre"/>
    <property name="ibm.signalhandling.rs" value="false"/>
    <property name="file.separator" value="\"/>
    <property name="jdk.extensions.name" value="Extensions for OpenJDK for Eclipse OpenJ9"/>
    <property name="basedir" value="E:\学习资料\code\springboot-demo-quickstart"/>
    <property name="line.separator" value="&#10;"/>
    <property name="java.vm.specification.vendor" value="Oracle Corporation"/>
    <property name="java.specification.name" value="Java Platform API Specification"/>
    <property name="java.compiler" value="j9jit29"/>
    <property name="com.ibm.util.extralibs.properties" value=""/>
    <property name="java.awt.graphicsenv" value="sun.awt.Win32GraphicsEnvironment"/>
    <property name="com.ibm.oti.configuration" value="scar"/>
    <property name="java.awt.fonts" value=""/>
    <property name="surefire.real.class.path" value="C:\Users\14026\AppData\Local\Temp\surefire8794566077785016224\surefirebooter7040900185942010389.jar"/>
    <property name="com.ibm.oti.shared.enabled" value="false"/>
    <property name="sun.boot.class.path" value="C:\Software\Tool\jdk1.8\jre\bin\default\jclSC180\vm.jar;C:\Software\Tool\jdk1.8\jre\lib\se-service.jar;C:\Software\Tool\jdk1.8\jre\lib\rt.jar;C:\Software\Tool\jdk1.8\jre\lib\resources.jar;C:\Software\Tool\jdk1.8\jre\lib\jsse.jar;C:\Software\Tool\jdk1.8\jre\lib\charsets.jar;C:\Software\Tool\jdk1.8\jre\lib\jce.jar"/>
    <property name="com.ibm.oti.vm.bootstrap.library.path" value="C:\Software\Tool\jdk1.8\jre\bin\default;C:\Software\Tool\jdk1.8\jre\bin"/>
    <property name="com.ibm.cpu.endian" value="little"/>
    <property name="java.fullversion" value="1.8.0_442-b06&#10;JRE 1.8.0 Windows 10 amd64-64-Bit Compressed References 20250205_1171 (JIT enabled, AOT enabled)&#10;OpenJ9   - 3c3d179854&#10;OMR      - e49875871&#10;JCL      - 61f83383b8 based on jdk8u442-b06"/>
    <property name="java.runtime.version" value="1.8.0_442-b06"/>
    <property name="user.name" value="14026"/>
    <property name="path.separator" value=";"/>
    <property name="os.version" value="10.0"/>
    <property name="java.endorsed.dirs" value="C:\Software\Tool\jdk1.8\jre\lib\endorsed"/>
    <property name="java.runtime.name" value="IBM Semeru Runtime Open Edition"/>
    <property name="ibm.signalhandling.sigint" value="true"/>
    <property name="file.encoding" value="GB18030"/>
    <property name="java.vm.name" value="Eclipse OpenJ9 VM"/>
    <property name="ibm.signalhandling.sigchain" value="true"/>
    <property name="localRepository" value="E:\Java\mvn_repo"/>
    <property name="java.io.tmpdir" value="C:\Users\14026\AppData\Local\Temp\"/>
    <property name="idea.version" value="2023.2.1"/>
    <property name="java.version" value="1.8.0_442"/>
    <property name="com.ibm.system.agent.path" value="C:\Software\Tool\jdk1.8\jre\bin"/>
    <property name="user.dir" value="E:\学习资料\code\springboot-demo-quickstart"/>
    <property name="os.arch" value="amd64"/>
    <property name="java.vm.specification.name" value="Java Virtual Machine Specification"/>
    <property name="java.awt.printerjob" value="sun.awt.windows.WPrinterJob"/>
    <property name="os.encoding" value="UTF-8"/>
    <property name="java.library.path" value="C:\Software\Tool\jdk1.8\jre\bin\default;C:\Software\Tool\jdk1.8\jre\bin;C:\WINDOWS\system32;C:\WINDOWS;C:\Software\VirturalPC\bin\;C:\ProgramData\Oracle\Java\javapath;C:\Software\interpretor\Python312\Scripts\;C:\Software\interpretor\Python312\;C:\WINDOWS\system32;C:\WINDOWS;C:\WINDOWS\System32\Wbem;C:\WINDOWS\System32\WindowsPowerShell\v1.0\;C:\WINDOWS\System32\OpenSSH\;C:\Software\Tool\jdk1.8\bin;C:\Software\Fronted\nvm;C:\nvm4w\nodejs;C:\Software\Fronted\node_global;C:\Program Files\Git\cmd;C:\Software\Databases\Redis\;C:\Users\14026\AppData\Local\Microsoft\WindowsApps;C:\Software\JetBrains\IntelliJ IDEA 2023.2.1\bin;;C:\Software\JetBrains\PyCharm 2023.2.1\bin;;C:\Software\Fronted\nvm;C:\nvm4w\nodejs;."/>
    <property name="java.vendor" value="IBM Corporation"/>
    <property name="java.vm.info" value="JRE 1.8.0 Windows 10 amd64-64-Bit Compressed References 20250205_1171 (JIT enabled, AOT enabled)&#10;OpenJ9   - 3c3d179854&#10;OMR      - e49875871&#10;JCL      - 61f83383b8 based on jdk8u442-b06"/>
    <property name="java.vm.version" value="openj9-0.49.0"/>
    <property name="com.ibm.jcl.checkClassPath" value=""/>
    <property name="java.specification.maintenance.version" value="6"/>
    <property name="ibm.system.encoding" value="GB18030"/>
    <property name="sun.io.unicode.encoding" value="UnicodeLittle"/>
    <property name="java.ext.dirs" value="C:\Software\Tool\jdk1.8\jre\lib\ext"/>
    <property name="maven.repo.local" value="E:\Java\mvn_repo"/>
    <property name="java.class.version" value="52.0"/>
  </properties>
  <testcase name="contextLoads" classname="com.zby.SpringbootDemoQuickstartApplicationTests" time="0.459"/>
</testsuite>